<?xml version="1.0" encoding="UTF-8"?>
<!-- Generated by org.testng.reporters.JUnitReportReporter -->
<testsuite hostname="DESKTOP-IIAEGH5" name="cat.unittests.DriverSetupTests" tests="4" failures="0" timestamp="24 Dec 2016 07:22:35 GMT" time="91.118" errors="0">
  <testcase name="testChromeDriverversion" time="6.086" classname="cat.unittests.DriverSetupTests"/>
  <testcase name="testChromeDriver" time="21.205" classname="cat.unittests.DriverSetupTests"/>
  <testcase name="testfirefoxDriver" time="36.606" classname="cat.unittests.DriverSetupTests"/>
  <testcase name="testfirefoxDriverversion" time="27.221" classname="cat.unittests.DriverSetupTests"/>
</testsuite> <!-- cat.unittests.DriverSetupTests -->
