<?xml version="1.0" encoding="UTF-8"?>
<!-- Generated by org.testng.reporters.JUnitReportReporter -->
<testsuite hostname="DESKTOP-IIAEGH5" name="cat.unittests.BrowserFactoryTest" tests="1" failures="0" timestamp="25 Dec 2016 07:27:23 GMT" time="19.798" errors="0">
  <testcase name="factory" time="19.798" classname="cat.unittests.BrowserFactoryTest"/>
</testsuite> <!-- cat.unittests.BrowserFactoryTest -->
