<?xml version="1.0" encoding="UTF-8"?>
<!-- Generated by org.testng.reporters.JUnitReportReporter -->
<testsuite hostname="DESKTOP-IIAEGH5" name="endtoendtestsInfoQ.InfoQNavigationTest" tests="2" failures="0" timestamp="14 Jan 2017 21:14:10 GMT" time="24.009" errors="0">
  <testcase name="checkScrolling" time="1.020" classname="endtoendtestsInfoQ.InfoQNavigationTest"/>
  <testcase name="navigatetoInfoQ" time="22.989" classname="endtoendtestsInfoQ.InfoQNavigationTest"/>
</testsuite> <!-- endtoendtestsInfoQ.InfoQNavigationTest -->
