<?xml version="1.0" encoding="UTF-8"?>
<!-- Generated by org.testng.reporters.JUnitReportReporter -->
<testsuite hostname="DESKTOP-IIAEGH5" name="endtoendtestsInfoQ.InfoQNavigationTest" tests="2" failures="0" timestamp="15 Jan 2017 08:40:35 GMT" time="13.552" errors="0">
  <testcase name="checkScrolling" time="1.523" classname="endtoendtestsInfoQ.InfoQNavigationTest"/>
  <testcase name="navigatetoInfoQ" time="12.029" classname="endtoendtestsInfoQ.InfoQNavigationTest"/>
</testsuite> <!-- endtoendtestsInfoQ.InfoQNavigationTest -->
