<?xml version="1.0" encoding="UTF-8"?>
<!-- Generated by org.testng.reporters.JUnitReportReporter -->
<testsuite hostname="DESKTOP-IIAEGH5" name="cat.unittests.BrowserFactoryTest" tests="1" failures="0" timestamp="30 Dec 2016 19:19:21 GMT" time="45.851" errors="0">
  <testcase name="factory" time="45.851" classname="cat.unittests.BrowserFactoryTest"/>
</testsuite> <!-- cat.unittests.BrowserFactoryTest -->
