<?xml version="1.0" encoding="UTF-8"?>
<!-- Generated by org.testng.reporters.JUnitReportReporter -->
<testsuite hostname="DESKTOP-IIAEGH5" name="cat.unittests.FrameworkTest" tests="1" failures="0" timestamp="24 Dec 2016 08:50:56 GMT" time="15.248" errors="0">
  <testcase name="webdriverTest" time="15.248" classname="cat.unittests.FrameworkTest"/>
</testsuite> <!-- cat.unittests.FrameworkTest -->
