<?xml version="1.0" encoding="UTF-8"?>
<!-- Generated by org.testng.reporters.JUnitReportReporter -->
<testsuite hostname="DESKTOP-IIAEGH5" name="endtoendtestsInfoQ.InfoQNavigationTest" tests="2" failures="0" timestamp="15 Jan 2017 09:10:00 GMT" time="26.639" errors="0">
  <testcase name="navigatetoInfoQ" time="23.542" classname="endtoendtestsInfoQ.InfoQNavigationTest"/>
  <testcase name="checkScrolling" time="3.097" classname="endtoendtestsInfoQ.InfoQNavigationTest"/>
</testsuite> <!-- endtoendtestsInfoQ.InfoQNavigationTest -->
