<?xml version="1.0" encoding="UTF-8"?>
<!-- Generated by org.testng.reporters.JUnitReportReporter -->
<testsuite hostname="DESKTOP-IIAEGH5" name="endtoendtests.InfoQNavigationTest" tests="1" failures="0" timestamp="31 Dec 2016 09:23:25 GMT" time="26.854" errors="0">
  <testcase name="navigatetoInfoQ" time="26.854" classname="endtoendtests.InfoQNavigationTest"/>
</testsuite> <!-- endtoendtests.InfoQNavigationTest -->
